<?xml version="1.0" encoding="UTF-8"?>
<testsuite xmlns:xsi="http://www.w3.org/2001/XMLSchema-instance" xsi:noNamespaceSchemaLocation="https://maven.apache.org/surefire/maven-surefire-plugin/xsd/surefire-test-report.xsd" name="com.luxoft.RunTest" time="0.455" tests="13" errors="0" skipped="0" failures="1">
  <properties>
    <property name="sun.desktop" value="windows"/>
    <property name="awt.toolkit" value="sun.awt.windows.WToolkit"/>
    <property name="file.encoding.pkg" value="sun.io"/>
    <property name="java.specification.version" value="1.8"/>
    <property name="sun.cpu.isalist" value="amd64"/>
    <property name="sun.jnu.encoding" value="Cp1251"/>
    <property name="java.class.path" value="D:\Den\intellijIdea_workspace\cucumberTraining_workspace\target\test-classes;D:\Den\intellijIdea_workspace\cucumberTraining_workspace\target\classes;C:\Users\Denis\.m2\repository\org\aspectj\aspectjweaver\1.9.6\aspectjweaver-1.9.6.jar;C:\Users\Denis\.m2\repository\io\cucumber\cucumber-java\6.2.2\cucumber-java-6.2.2.jar;C:\Users\Denis\.m2\repository\io\cucumber\cucumber-core\6.2.2\cucumber-core-6.2.2.jar;C:\Users\Denis\.m2\repository\io\cucumber\cucumber-gherkin\6.2.2\cucumber-gherkin-6.2.2.jar;C:\Users\Denis\.m2\repository\io\cucumber\cucumber-gherkin-messages\6.2.2\cucumber-gherkin-messages-6.2.2.jar;C:\Users\Denis\.m2\repository\io\cucumber\messages\12.2.0\messages-12.2.0.jar;C:\Users\Denis\.m2\repository\io\cucumber\tag-expressions\3.0.0\tag-expressions-3.0.0.jar;C:\Users\Denis\.m2\repository\io\cucumber\cucumber-expressions\10.2.1\cucumber-expressions-10.2.1.jar;C:\Users\Denis\.m2\repository\io\cucumber\datatable\3.3.1\datatable-3.3.1.jar;C:\Users\Denis\.m2\repository\io\cucumber\cucumber-plugin\6.2.2\cucumber-plugin-6.2.2.jar;C:\Users\Denis\.m2\repository\io\cucumber\docstring\6.2.2\docstring-6.2.2.jar;C:\Users\Denis\.m2\repository\io\cucumber\html-formatter\7.0.0\html-formatter-7.0.0.jar;C:\Users\Denis\.m2\repository\org\apiguardian\apiguardian-api\1.1.0\apiguardian-api-1.1.0.jar;C:\Users\Denis\.m2\repository\io\cucumber\cucumber-junit\6.2.2\cucumber-junit-6.2.2.jar;C:\Users\Denis\.m2\repository\junit\junit\4.13\junit-4.13.jar;C:\Users\Denis\.m2\repository\org\hamcrest\hamcrest-core\1.3\hamcrest-core-1.3.jar;C:\Users\Denis\.m2\repository\org\junit\jupiter\junit-jupiter-api\5.2.0\junit-jupiter-api-5.2.0.jar;C:\Users\Denis\.m2\repository\org\opentest4j\opentest4j\1.1.0\opentest4j-1.1.0.jar;C:\Users\Denis\.m2\repository\org\junit\platform\junit-platform-commons\1.2.0\junit-platform-commons-1.2.0.jar;C:\Users\Denis\.m2\repository\org\junit\jupiter\junit-jupiter-engine\5.2.0\junit-jupiter-engine-5.2.0.jar;C:\Users\Denis\.m2\repository\org\junit\platform\junit-platform-engine\1.2.0\junit-platform-engine-1.2.0.jar;C:\Users\Denis\.m2\repository\org\junit\jupiter\junit-jupiter-params\5.2.0\junit-jupiter-params-5.2.0.jar;C:\Users\Denis\.m2\repository\org\junit\vintage\junit-vintage-engine\5.2.0\junit-vintage-engine-5.2.0.jar;C:\Users\Denis\.m2\repository\org\junit\platform\junit-platform-launcher\1.2.0\junit-platform-launcher-1.2.0.jar;C:\Users\Denis\.m2\repository\org\junit\platform\junit-platform-runner\1.2.0\junit-platform-runner-1.2.0.jar;C:\Users\Denis\.m2\repository\org\junit\platform\junit-platform-suite-api\1.2.0\junit-platform-suite-api-1.2.0.jar;C:\Users\Denis\.m2\repository\org\hamcrest\hamcrest-all\1.3\hamcrest-all-1.3.jar;"/>
    <property name="java.vm.vendor" value="Amazon.com Inc."/>
    <property name="sun.arch.data.model" value="64"/>
    <property name="user.variant" value=""/>
    <property name="java.vendor.url" value="https://aws.amazon.com/corretto/"/>
    <property name="user.timezone" value="Europe/Helsinki"/>
    <property name="java.vm.specification.version" value="1.8"/>
    <property name="os.name" value="Windows 10"/>
    <property name="user.country" value="US"/>
    <property name="sun.java.launcher" value="SUN_STANDARD"/>
    <property name="sun.boot.library.path" value="C:\Program Files\Amazon Corretto\jdk1.8.0_312\jre\bin"/>
    <property name="sun.java.command" value="C:\Users\Denis\AppData\Local\Temp\surefire5721553690671708699\surefirebooter6683992793634131133.jar C:\Users\Denis\AppData\Local\Temp\surefire5721553690671708699 2021-12-12T10-46-11_538-jvmRun1 surefire5710227200830712674tmp surefire_06318087148929061257tmp"/>
    <property name="surefire.test.class.path" value="D:\Den\intellijIdea_workspace\cucumberTraining_workspace\target\test-classes;D:\Den\intellijIdea_workspace\cucumberTraining_workspace\target\classes;C:\Users\Denis\.m2\repository\org\aspectj\aspectjweaver\1.9.6\aspectjweaver-1.9.6.jar;C:\Users\Denis\.m2\repository\io\cucumber\cucumber-java\6.2.2\cucumber-java-6.2.2.jar;C:\Users\Denis\.m2\repository\io\cucumber\cucumber-core\6.2.2\cucumber-core-6.2.2.jar;C:\Users\Denis\.m2\repository\io\cucumber\cucumber-gherkin\6.2.2\cucumber-gherkin-6.2.2.jar;C:\Users\Denis\.m2\repository\io\cucumber\cucumber-gherkin-messages\6.2.2\cucumber-gherkin-messages-6.2.2.jar;C:\Users\Denis\.m2\repository\io\cucumber\messages\12.2.0\messages-12.2.0.jar;C:\Users\Denis\.m2\repository\io\cucumber\tag-expressions\3.0.0\tag-expressions-3.0.0.jar;C:\Users\Denis\.m2\repository\io\cucumber\cucumber-expressions\10.2.1\cucumber-expressions-10.2.1.jar;C:\Users\Denis\.m2\repository\io\cucumber\datatable\3.3.1\datatable-3.3.1.jar;C:\Users\Denis\.m2\repository\io\cucumber\cucumber-plugin\6.2.2\cucumber-plugin-6.2.2.jar;C:\Users\Denis\.m2\repository\io\cucumber\docstring\6.2.2\docstring-6.2.2.jar;C:\Users\Denis\.m2\repository\io\cucumber\html-formatter\7.0.0\html-formatter-7.0.0.jar;C:\Users\Denis\.m2\repository\org\apiguardian\apiguardian-api\1.1.0\apiguardian-api-1.1.0.jar;C:\Users\Denis\.m2\repository\io\cucumber\cucumber-junit\6.2.2\cucumber-junit-6.2.2.jar;C:\Users\Denis\.m2\repository\junit\junit\4.13\junit-4.13.jar;C:\Users\Denis\.m2\repository\org\hamcrest\hamcrest-core\1.3\hamcrest-core-1.3.jar;C:\Users\Denis\.m2\repository\org\junit\jupiter\junit-jupiter-api\5.2.0\junit-jupiter-api-5.2.0.jar;C:\Users\Denis\.m2\repository\org\opentest4j\opentest4j\1.1.0\opentest4j-1.1.0.jar;C:\Users\Denis\.m2\repository\org\junit\platform\junit-platform-commons\1.2.0\junit-platform-commons-1.2.0.jar;C:\Users\Denis\.m2\repository\org\junit\jupiter\junit-jupiter-engine\5.2.0\junit-jupiter-engine-5.2.0.jar;C:\Users\Denis\.m2\repository\org\junit\platform\junit-platform-engine\1.2.0\junit-platform-engine-1.2.0.jar;C:\Users\Denis\.m2\repository\org\junit\jupiter\junit-jupiter-params\5.2.0\junit-jupiter-params-5.2.0.jar;C:\Users\Denis\.m2\repository\org\junit\vintage\junit-vintage-engine\5.2.0\junit-vintage-engine-5.2.0.jar;C:\Users\Denis\.m2\repository\org\junit\platform\junit-platform-launcher\1.2.0\junit-platform-launcher-1.2.0.jar;C:\Users\Denis\.m2\repository\org\junit\platform\junit-platform-runner\1.2.0\junit-platform-runner-1.2.0.jar;C:\Users\Denis\.m2\repository\org\junit\platform\junit-platform-suite-api\1.2.0\junit-platform-suite-api-1.2.0.jar;C:\Users\Denis\.m2\repository\org\hamcrest\hamcrest-all\1.3\hamcrest-all-1.3.jar;"/>
    <property name="sun.cpu.endian" value="little"/>
    <property name="allure.results.directory" value="D:\Den\intellijIdea_workspace\cucumberTraining_workspace\target/allure-results"/>
    <property name="user.home" value="C:\Users\Denis"/>
    <property name="user.language" value="en"/>
    <property name="java.specification.vendor" value="Oracle Corporation"/>
    <property name="java.home" value="C:\Program Files\Amazon Corretto\jdk1.8.0_312\jre"/>
    <property name="basedir" value="D:\Den\intellijIdea_workspace\cucumberTraining_workspace"/>
    <property name="file.separator" value="\"/>
    <property name="line.separator" value="&#10;"/>
    <property name="java.vm.specification.vendor" value="Oracle Corporation"/>
    <property name="java.specification.name" value="Java Platform API Specification"/>
    <property name="java.awt.graphicsenv" value="sun.awt.Win32GraphicsEnvironment"/>
    <property name="surefire.real.class.path" value="C:\Users\Denis\AppData\Local\Temp\surefire5721553690671708699\surefirebooter6683992793634131133.jar;C:\Users\Denis\.m2\repository/org/aspectj/aspectjweaver/1.9.6/aspectjweaver-1.9.6.jar"/>
    <property name="sun.boot.class.path" value="C:\Program Files\Amazon Corretto\jdk1.8.0_312\jre\lib\resources.jar;C:\Program Files\Amazon Corretto\jdk1.8.0_312\jre\lib\rt.jar;C:\Program Files\Amazon Corretto\jdk1.8.0_312\jre\lib\sunrsasign.jar;C:\Program Files\Amazon Corretto\jdk1.8.0_312\jre\lib\jsse.jar;C:\Program Files\Amazon Corretto\jdk1.8.0_312\jre\lib\jce.jar;C:\Program Files\Amazon Corretto\jdk1.8.0_312\jre\lib\charsets.jar;C:\Program Files\Amazon Corretto\jdk1.8.0_312\jre\lib\jfr.jar;C:\Program Files\Amazon Corretto\jdk1.8.0_312\jre\classes"/>
    <property name="user.script" value=""/>
    <property name="sun.management.compiler" value="HotSpot 64-Bit Tiered Compilers"/>
    <property name="java.runtime.version" value="1.8.0_312-b07"/>
    <property name="user.name" value="Denis"/>
    <property name="path.separator" value=";"/>
    <property name="os.version" value="10.0"/>
    <property name="java.endorsed.dirs" value="C:\Program Files\Amazon Corretto\jdk1.8.0_312\jre\lib\endorsed"/>
    <property name="java.runtime.name" value="OpenJDK Runtime Environment"/>
    <property name="file.encoding" value="Cp1251"/>
    <property name="java.vm.name" value="OpenJDK 64-Bit Server VM"/>
    <property name="localRepository" value="C:\Users\Denis\.m2\repository"/>
    <property name="java.vendor.url.bug" value="https://github.com/corretto/corretto-8/issues/"/>
    <property name="java.io.tmpdir" value="C:\Users\Denis\AppData\Local\Temp\"/>
    <property name="java.version" value="1.8.0_312"/>
    <property name="user.dir" value="D:\Den\intellijIdea_workspace\cucumberTraining_workspace"/>
    <property name="os.arch" value="amd64"/>
    <property name="java.vm.specification.name" value="Java Virtual Machine Specification"/>
    <property name="java.awt.printerjob" value="sun.awt.windows.WPrinterJob"/>
    <property name="sun.os.patch.level" value=""/>
    <property name="java.library.path" value="C:\Program Files\Amazon Corretto\jdk1.8.0_312\jre\bin;C:\WINDOWS\Sun\Java\bin;C:\WINDOWS\system32;C:\WINDOWS;C:\Program Files\Amazon Corretto\jdk1.8.0_312\bin;C:\Python310\Scripts\;C:\Python310\;C:\WINDOWS\system32;C:\WINDOWS;C:\WINDOWS\System32\Wbem;C:\WINDOWS\System32\WindowsPowerShell\v1.0\;C:\WINDOWS\System32\OpenSSH\;C:\Program Files\Java\jdk1.8.0_211\bin;C:\Program Files\apache-maven-3.6.1\bin;C:\Program Files\apache-groovy-sdk-2.5.7\bin;C:\Program Files\Git\cmd;C:\Program Files\packer\;C:\Program Files (x86)\Bitvise SSH Client;C:\Program Files (x86)\Google\Cloud SDK\google-cloud-sdk\bin;D:\Den\PSTools;C:\Users\Denis\Downloads\gradle-6.9.1-all\gradle-6.9.1\bin;C:\Program Files\nodejs\;C:\ProgramData\chocolatey\bin;;C:\Program Files\Docker\Docker\resources\bin;C:\ProgramData\DockerDesktop\version-bin;C:\Users\Denis\AppData\Local\Microsoft\WindowsApps;C:\Program Files\JetBrains\IntelliJ IDEA Community Edition 2021.3\bin;;C:\Users\Denis\AppData\Local\Programs\Microsoft VS Code\bin;C:\Users\Denis\AppData\Roaming\npm;C:\Users\Denis\AppData\Local\GitHubDesktop\bin;."/>
    <property name="java.vm.info" value="mixed mode"/>
    <property name="java.vendor" value="Amazon.com Inc."/>
    <property name="java.vm.version" value="25.312-b07"/>
    <property name="java.ext.dirs" value="C:\Program Files\Amazon Corretto\jdk1.8.0_312\jre\lib\ext;C:\WINDOWS\Sun\Java\lib\ext"/>
    <property name="sun.io.unicode.encoding" value="UnicodeLittle"/>
    <property name="java.class.version" value="52.0"/>
  </properties>
  <testcase name="11" classname="com.luxoft.RunTest" time="0.105"/>
  <testcase name="22" classname="com.luxoft.RunTest" time="0.005"/>
  <testcase name="33" classname="com.luxoft.RunTest" time="0.008"/>
  <testcase name="44" classname="com.luxoft.RunTest" time="0.005"/>
  <testcase name="55" classname="com.luxoft.RunTest" time="0.012"/>
  <testcase name="66" classname="com.luxoft.RunTest" time="0.01"/>
  <testcase name="Listener is within range" classname="com.luxoft.RunTest" time="0.022"/>
  <testcase name="Lucy is not hungry" classname="com.luxoft.RunTest" time="0.019"/>
  <testcase name="Lucy is out of range hungry" classname="com.luxoft.RunTest" time="0.016"/>
  <testcase name="bullet time" classname="com.luxoft.RunTest" time="0.01"/>
  <testcase name="outline example #1" classname="com.luxoft.RunTest" time="0.007"/>
  <testcase name="outline example #2" classname="com.luxoft.RunTest" time="0.007"/>
  <testcase name="outline example #3" classname="com.luxoft.RunTest" time="0.027">
    <failure message="expected: &lt;true&gt; but was: &lt;false&gt;" type="org.opentest4j.AssertionFailedError"><![CDATA[org.opentest4j.AssertionFailedError: expected: <true> but was: <false>
]]></failure>
    <system-out><![CDATA[
Scenario Outline: outline example              &amp#27;[90m# src/test/java/com/luxoft/features/shout/shout.feature:39&amp#27;[0m
Scenario start
  &amp#27;[32mGiven &amp#27;[0m&amp#27;[32mPrint text to console &amp#27;[0m&amp#27;[32m&amp#27;[1m"Scenario start"&amp#27;[0m &amp#27;[90m# com.luxoft.steps.MyStepdefs.printTextToConsole(java.lang.String)&amp#27;[0m
  &amp#27;[32mGiven &amp#27;[0m&amp#27;[32mLucy is in &amp#27;[0m&amp#27;[32m&amp#27;[1m16&amp#27;[0m&amp#27;[32m m from Sean&amp#27;[0m              &amp#27;[90m# com.luxoft.steps.Stepdefs.lucy_is_in_m_from_sean(java.lang.Integer)&amp#27;[0m
Google it!
  &amp#27;[32mWhen &amp#27;[0m&amp#27;[32mSean shouts "&amp#27;[0m&amp#27;[32m&amp#27;[1mGoogle it!&amp#27;[0m&amp#27;[32m"&amp#27;[0m                &amp#27;[90m# com.luxoft.steps.Stepdefs.seanShoutsFreeBagels(java.lang.String)&amp#27;[0m
  &amp#27;[31mThen &amp#27;[0m&amp#27;[31mLucy &amp#27;[0m&amp#27;[31m&amp#27;[1mhear&amp#27;[0m&amp#27;[31m Sean message&amp#27;[0m                  &amp#27;[90m# com.luxoft.steps.Stepdefs.lucyHearSeanMessage(java.lang.String)&amp#27;[0m
      &amp#27;[31morg.opentest4j.AssertionFailedError: expected: <true> but was: <false>
	at org.junit.jupiter.api.AssertionUtils.fail(AssertionUtils.java:40)
	at org.junit.jupiter.api.AssertTrue.assertTrue(AssertTrue.java:42)
	at org.junit.jupiter.api.AssertTrue.assertTrue(AssertTrue.java:37)
	at org.junit.jupiter.api.Assertions.assertTrue(Assertions.java:129)
	at com.luxoft.steps.Stepdefs.lucyHearSeanMessage(Stepdefs.java:29)
	at вњЅ.Lucy hear Sean message(file:///D:/Den/intellijIdea_workspace/cucumberTraining_workspace/src/test/java/com/luxoft/features/shout/shout.feature:33)
&amp#27;[0m
]]></system-out>
  </testcase>
</testsuite>